\BOOKMARK [1][]{Doc-Start}{\376\377\000L\000i\000s\000t\000\040\000o\000f\000\040\000a\000b\000b\000r\000e\000v\000i\000a\000t\000i\000o\000n\000s}{}% 1
\BOOKMARK [0][]{part.1}{\376\377\000I\000\040\000I\000n\000t\000r\000o\000d\000u\000c\000t\000i\000o\000n}{}% 2
\BOOKMARK [1][]{section.1.1}{\376\377\0001\000\040\000P\000r\000e\000f\000a\000c\000e}{part.1}% 3
\BOOKMARK [1][]{section.1.2}{\376\377\0002\000\040\000C\000e\000l\000l\000u\000l\000a\000r\000\040\000s\000t\000r\000u\000c\000t\000u\000r\000e\000s\000\040\000d\000e\000t\000e\000r\000m\000i\000n\000i\000n\000g\000\040\000m\000e\000c\000h\000a\000n\000i\000c\000a\000l\000\040\000p\000r\000o\000p\000e\000r\000t\000i\000e\000s\000\040\000o\000f\000\040\000c\000e\000l\000l\000s}{part.1}% 4
\BOOKMARK [1][]{section.1.3}{\376\377\0003\000\040\000M\000a\000t\000e\000r\000i\000a\000l\000s\000\040\000a\000n\000d\000\040\000e\000q\000u\000i\000p\000m\000e\000n\000t}{part.1}% 5
\BOOKMARK [2][-]{subsection.1.3.1}{\376\377\0003\000.\0001\000\040\000C\000e\000l\000l\000\040\000c\000u\000l\000t\000u\000r\000e}{section.1.3}% 6
\BOOKMARK [2][-]{subsection.1.3.2}{\376\377\0003\000.\0002\000\040\000F\000l\000u\000o\000r\000e\000s\000c\000e\000n\000c\000e\000\040\000m\000i\000c\000r\000o\000s\000c\000o\000p\000y}{section.1.3}% 7
\BOOKMARK [0][]{part.2}{\376\377\000I\000I\000\040\000T\000h\000e\000o\000r\000e\000t\000i\000c\000a\000l\000\040\000d\000e\000s\000c\000r\000i\000p\000t\000i\000o\000n\000\040\000o\000f\000\040\000c\000e\000l\000l\000\040\000n\000a\000n\000o\000i\000n\000e\000n\000t\000a\000t\000i\000o\000n\000\040\000w\000i\000t\000h\000\040\000a\000n\000\040\000A\000F\000M\000\040\000p\000r\000o\000b\000e}{}% 8
\BOOKMARK [1][]{section.2.1}{\376\377\0001\000\040\000W\000o\000r\000k\000i\000n\000g\000\040\000p\000r\000i\000n\000c\000i\000p\000l\000e}{part.2}% 9
\BOOKMARK [1][]{section.2.2}{\376\377\0002\000\040\000M\000o\000d\000e\000l\000i\000n\000g\000\040\000t\000h\000e\000\040\000i\000n\000t\000e\000r\000a\000c\000t\000i\000o\000n}{part.2}% 10
\BOOKMARK [2][-]{subsection.2.2.1}{\376\377\0002\000.\0001\000\040\000E\000l\000e\000c\000t\000r\000o\000s\000t\000a\000t\000i\000c}{section.2.2}% 11
\BOOKMARK [2][-]{subsection.2.2.2}{\376\377\0002\000.\0002\000\040\000P\000o\000l\000y\000m\000e\000r\000\040\000b\000r\000u\000s\000h}{section.2.2}% 12
\BOOKMARK [2][-]{subsection.2.2.3}{\376\377\0002\000.\0003\000\040\000E\000l\000a\000s\000t\000i\000c\000\040\000d\000e\000f\000o\000r\000m\000a\000t\000i\000o\000n}{section.2.2}% 13
\BOOKMARK [2][-]{subsection.2.2.4}{\376\377\0002\000.\0004\000\040\000H\000y\000p\000e\000r\000e\000l\000a\000s\000t\000i\000c}{section.2.2}% 14
\BOOKMARK [0][]{part.3}{\376\377\000I\000I\000I\000\040\000I\000d\000e\000n\000t\000i\000f\000y\000i\000n\000g\000\040\000i\000n\000d\000i\000v\000i\000d\000u\000a\000l\000\040\000c\000e\000l\000l\000u\000l\000a\000r\000\040\000s\000t\000r\000u\000c\000t\000u\000r\000e\000s}{}% 15
\BOOKMARK [1][]{section.3.1}{\376\377\0001\000\040\000C\000o\000r\000t\000i\000c\000a\000l\000\040\000a\000c\000t\000i\000n\000\040\000c\000y\000t\000o\000s\000k\000e\000l\000e\000t\000o\000n}{part.3}% 16
\BOOKMARK [1][]{section.3.2}{\376\377\0002\000\040\000E\000n\000d\000o\000t\000h\000e\000l\000i\000a\000l\000\040\000g\000l\000y\000c\000o\000c\000a\000l\000y\000x}{part.3}% 17
\BOOKMARK [0][]{part.4}{\376\377\000I\000V\000\040\000I\000n\000f\000l\000u\000e\000n\000c\000e\000\040\000o\000f\000\040\000m\000e\000a\000s\000u\000r\000e\000m\000e\000n\000t\000\040\000c\000o\000n\000d\000i\000t\000i\000o\000n\000s}{}% 18
\BOOKMARK [1][]{section.4.1}{\376\377\0001\000\040\000C\000e\000l\000l\000\040\000f\000i\000x\000a\000t\000i\000o\000n}{part.4}% 19
\BOOKMARK [1][]{section.4.2}{\376\377\0002\000\040\000T\000i\000p\000-\000i\000n\000d\000u\000c\000e\000d\000\040\000m\000e\000c\000h\000a\000n\000o\000t\000r\000a\000n\000s\000d\000u\000c\000t\000i\000o\000n}{part.4}% 20
\BOOKMARK [0][]{part.5}{\376\377\000V\000\040\000T\000i\000m\000e\000\040\000r\000e\000l\000a\000x\000a\000t\000i\000o\000n}{}% 21
\BOOKMARK [1][]{section.5.1}{\376\377\0001\000\040\000M\000e\000t\000h\000o\000d\000o\000l\000o\000g\000y}{part.5}% 22
\BOOKMARK [1][]{section.5.2}{\376\377\0002\000\040\000M\000o\000d\000e\000l}{part.5}% 23
\BOOKMARK [1][]{section.5.3}{\376\377\0003\000\040\000R\000e\000s\000u\000l\000t\000s\000\040\000a\000n\000d\000\040\000d\000i\000s\000c\000u\000s\000s\000i\000o\000n}{part.5}% 24
\BOOKMARK [0][]{part.6}{\376\377\000V\000I\000\040\000C\000e\000l\000l\000-\000c\000e\000l\000l\000\040\000i\000n\000t\000e\000r\000a\000c\000t\000i\000o\000n}{}% 25
\BOOKMARK [1][]{section.6.1}{\376\377\0001\000\040\000M\000e\000t\000h\000o\000d\000o\000l\000o\000g\000y}{part.6}% 26
\BOOKMARK [1][]{section.6.2}{\376\377\0002\000\040\000M\000o\000d\000e\000l}{part.6}% 27
\BOOKMARK [1][]{section.6.3}{\376\377\0003\000\040\000R\000e\000s\000u\000l\000t\000s\000\040\000a\000n\000d\000\040\000d\000i\000s\000c\000u\000s\000s\000i\000o\000n}{part.6}% 28
\BOOKMARK [0][]{part.7}{\376\377\000V\000I\000I\000\040\000C\000o\000n\000c\000l\000u\000s\000i\000o\000n\000s}{}% 29
\BOOKMARK [1][]{section*.3}{\376\377\000R\000e\000f\000e\000r\000e\000n\000c\000e\000s}{part.7}% 30
\BOOKMARK [1][]{section*.3}{\376\377\000L\000i\000s\000t\000\040\000o\000f\000\040\000f\000i\000g\000u\000r\000e\000s}{part.7}% 31
\BOOKMARK [1][]{section*.3}{\376\377\000L\000i\000s\000t\000\040\000o\000f\000\040\000t\000a\000b\000l\000e\000s}{part.7}% 32
\BOOKMARK [1][]{section*.4}{\376\377\000A\000p\000p\000e\000n\000d\000i\000c\000e\000s}{part.7}% 33
\BOOKMARK [1][]{Appendix.1.A}{\376\377\000A\000p\000p\000e\000n\000d\000i\000x\000\040\000A\000\040\000S\000o\000m\000e\000t\000h\000i\000n\000g\000\040\000a\000d\000d\000i\000t\000i\000o\000n\000a\000l}{part.7}% 34
\BOOKMARK [1][]{Appendix.1.B}{\376\377\000A\000p\000p\000e\000n\000d\000i\000x\000\040\000B\000\040\000A\000n\000d\000\040\000e\000v\000e\000n\000\040\000l\000e\000s\000s\000\040\000i\000m\000p\000o\000r\000t\000a\000n\000t}{part.7}% 35
